<?xml version="1.0" encoding="utf-8"?><testsuites name="pytest tests"><testsuite name="pytest" errors="0" failures="0" skipped="0" tests="3" time="1.179" timestamp="2026-09-08T08:02:46.957012+00:00" hostname="agent-env-cfad4895-0437-4d00-8d4b-7325510d7717"><testcase classname="tests.test_attachment_after_submit" name="test_attachment_after_submit_allowed" time="0.353" /><testcase classname="tests.test_attachment_after_submit" name="test_attachment_after_document_pending_allowed" time="0.031" /><testcase classname="tests.test_attachment_after_submit" name="test_attachment_after_approved_rejected" time="0.258" /></testsuite></testsuites>