<?xml version="1.0" encoding="utf-8"?><testsuites name="pytest tests"><testsuite name="pytest" errors="0" failures="0" skipped="0" tests="5" time="1.518" timestamp="2026-09-12T11:05:16.940203+00:00" hostname="agent-env-3b4d5863-82fd-4a75-9664-645e9936465e"><testcase classname="tests.test_map_phed_iter8" name="test_map_properties_requires_auth" time="0.309" /><testcase classname="tests.test_map_phed_iter8" name="test_phed_property_requires_auth" time="0.120" /><testcase classname="tests.test_map_phed_iter8" name="test_map_properties_ths0001_has_phed_fields" time="0.508" /><testcase classname="tests.test_map_phed_iter8" name="test_phed_property_detail_ths0001" time="0.144" /><testcase classname="tests.test_map_phed_iter8" name="test_map_property_without_phed_survey" time="0.118" /></testsuite></testsuites>