<?xml version="1.0" encoding="utf-8"?><testsuites name="pytest tests"><testsuite name="pytest" errors="0" failures="0" skipped="0" tests="6" time="2.060" timestamp="2026-09-24T12:56:48.047780+00:00" hostname="agent-env-fa0cfdf8-bf79-4870-a7d1-fbacc0393e89"><testcase classname="tests.test_mc_upload_iter5" name="test_bhd_properties_have_real_values" time="0.718" /><testcase classname="tests.test_mc_upload_iter5" name="test_bhd_colonies_lists_100plus_real" time="0.159" /><testcase classname="tests.test_mc_upload_iter5" name="test_bhd_areas_lists_colonies" time="0.155" /><testcase classname="tests.test_mc_upload_iter5" name="test_bhd_block_assign_and_unassign_akash_nagar" time="0.666" /><testcase classname="tests.test_mc_upload_iter5" name="test_ths_colonies_still_work" time="0.156" /><testcase classname="tests.test_mc_upload_iter5" name="test_ths_properties_still_work" time="0.153" /></testsuite></testsuites>