<?xml version="1.0" encoding="utf-8"?><testsuites name="pytest tests"><testsuite name="pytest" errors="0" failures="0" skipped="0" tests="6" time="1.557" timestamp="2026-09-12T08:22:25.277816+00:00" hostname="agent-env-3b4d5863-82fd-4a75-9664-645e9936465e"><testcase classname="tests.test_phed_survey_workflow_iter2.TestAuthGuards" name="test_map_requires_auth" time="0.414" /><testcase classname="tests.test_phed_survey_workflow_iter2.TestAuthGuards" name="test_my_progress_requires_auth" time="0.118" /><testcase classname="tests.test_phed_survey_workflow_iter2.TestScopeReconciliation" name="test_my_progress_shape" time="0.592" /><testcase classname="tests.test_phed_survey_workflow_iter2.TestScopeReconciliation" name="test_map_employee_properties_matches_progress" time="0.350" /><testcase classname="tests.test_phed_survey_workflow_iter2.TestScopeReconciliation" name="test_safe_property_present_and_fields" time="0.065" /><testcase classname="tests.test_phed_survey_workflow_iter2.TestSafeProgressAfterSubmit" name="test_safe_property_phed_status_readable" time="0.560" /></testsuite></testsuites>