<?xml version="1.0" encoding="utf-8"?><testsuites name="pytest tests"><testsuite name="pytest" errors="0" failures="0" skipped="0" tests="4" time="2.643" timestamp="2026-09-12T10:40:15.947071+00:00" hostname="agent-env-3b4d5863-82fd-4a75-9664-645e9936465e"><testcase classname="tests.test_phed_survey_consumers_iter7" name="test_survey_consumers_anonymous_denied" time="0.755" /><testcase classname="tests.test_phed_survey_consumers_iter7" name="test_survey_consumers_surveyor_finds_suman" time="0.706" /><testcase classname="tests.test_phed_survey_consumers_iter7" name="test_link_suman_to_ths0003_and_unlink" time="0.730" /><testcase classname="tests.test_phed_survey_consumers_iter7" name="test_survey_consumers_invalid_link_status" time="0.394" /></testsuite></testsuites>