<?xml version="1.0" encoding="utf-8"?><testsuites name="pytest tests"><testsuite name="pytest" errors="0" failures="0" skipped="0" tests="6" time="1.636" timestamp="2026-09-24T14:13:41.516476+00:00" hostname="agent-env-84cb4759-1497-45b9-b30c-91bb0e8f9766"><testcase classname="tests.test_smoke" name="test_health" time="0.222" /><testcase classname="tests.test_smoke" name="test_login_success" time="0.297" /><testcase classname="tests.test_smoke" name="test_login_invalid" time="0.309" /><testcase classname="tests.test_smoke" name="test_me" time="0.068" /><testcase classname="tests.test_smoke" name="test_towns_list_and_ths_exists" time="0.071" /><testcase classname="tests.test_smoke" name="test_dashboard_stats" time="0.161" /></testsuite></testsuites>