<?xml version="1.0" encoding="utf-8"?><testsuites name="pytest tests"><testsuite name="pytest" errors="0" failures="1" skipped="0" tests="8" time="2.434" timestamp="2026-09-23T17:42:45.061608+00:00" hostname="agent-env-fa0cfdf8-bf79-4870-a7d1-fbacc0393e89"><testcase classname="tests.test_deployment_iter1" name="test_health" time="0.420" /><testcase classname="tests.test_deployment_iter1" name="test_login_success" time="0.460" /><testcase classname="tests.test_deployment_iter1" name="test_login_wrong_password" time="0.360" /><testcase classname="tests.test_deployment_iter1" name="test_auth_me" time="0.135" /><testcase classname="tests.test_deployment_iter1" name="test_towns_list" time="0.151" /><testcase classname="tests.test_deployment_iter1" name="test_wards_thanesar" time="0.161" /><testcase classname="tests.test_deployment_iter1" name="test_admin_users_list" time="0.211" /><testcase classname="tests.test_deployment_iter1" name="test_create_and_delete_user" time="0.191"><failure message="AssertionError: Create user failed: 422 {&quot;detail&quot;:[{&quot;type&quot;:&quot;missing&quot;,&quot;loc&quot;:[&quot;body&quot;,&quot;name&quot;],&quot;msg&quot;:&quot;Field required&quot;,&quot;input&quot;:{&quot;username&quot;:&quot;TEST_user_6f5a53&quot;,&quot;password&quot;:&quot;TestPass@2026&quot;,&quot;full_name&quot;:&quot;Test User&quot;,&quot;role&quot;:&quot;EMPLOYEE&quot;,&quot;town_code&quot;:&quot;THS&quot;},&quot;url&quot;:&quot;https://errors.pydantic.dev/2.13/v/missing&quot;}]}&#10;assert 422 in (200, 201)&#10; +  where 422 = &lt;Response [422]&gt;.status_code">backend/tests/test_deployment_iter1.py:92: in test_create_and_delete_user
    assert r.status_code in (200, 201), f"Create user failed: {r.status_code} {r.text}"
E   AssertionError: Create user failed: 422 {"detail":[{"type":"missing","loc":["body","name"],"msg":"Field required","input":{"username":"TEST_user_6f5a53","password":"TestPass@2026","full_name":"Test User","role":"EMPLOYEE","town_code":"THS"},"url":"https://errors.pydantic.dev/2.13/v/missing"}]}
E   assert 422 in (200, 201)
E    +  where 422 = &lt;Response [422]&gt;.status_code</failure></testcase></testsuite></testsuites>