<?xml version="1.0" encoding="utf-8"?><testsuites name="pytest tests"><testsuite name="pytest" errors="0" failures="0" skipped="0" tests="3" time="1.559" timestamp="2026-09-24T12:26:43.076637+00:00" hostname="agent-env-fa0cfdf8-bf79-4870-a7d1-fbacc0393e89"><testcase classname="tests.test_bulk_assign_colonies_iter4" name="test_admin_colonies_bhd_returns_colony_names" time="0.695" /><testcase classname="tests.test_bulk_assign_colonies_iter4" name="test_admin_colonies_ths_still_works" time="0.119" /><testcase classname="tests.test_bulk_assign_colonies_iter4" name="test_block_assign_and_unassign_colonies_bhd" time="0.693" /></testsuite></testsuites>