<?xml version="1.0" encoding="utf-8"?><testsuites name="pytest tests"><testsuite name="pytest" errors="0" failures="0" skipped="0" tests="3" time="1.495" timestamp="2026-09-24T05:09:08.951489+00:00" hostname="agent-env-fa0cfdf8-bf79-4870-a7d1-fbacc0393e89"><testcase classname="tests.test_bulk_assign_colony_iter2" name="test_areas_include_colonies" time="0.504" /><testcase classname="tests.test_bulk_assign_colony_iter2" name="test_properties_by_colony" time="0.116" /><testcase classname="tests.test_bulk_assign_colony_iter2" name="test_bulk_assign_by_colony" time="0.545" /></testsuite></testsuites>