<?xml version="1.0" encoding="utf-8"?><testsuites name="pytest tests"><testsuite name="pytest" errors="0" failures="0" skipped="0" tests="9" time="1.859" timestamp="2026-09-12T08:36:39.147907+00:00" hostname="agent-env-3b4d5863-82fd-4a75-9664-645e9936465e"><testcase classname="tests.test_phed_review_filters_iter5" name="test_filters_endpoint_has_all_8_connection_types" time="0.572" /><testcase classname="tests.test_phed_review_filters_iter5" name="test_surveys_baseline_no_filters" time="0.067" /><testcase classname="tests.test_phed_review_filters_iter5" name="test_surveys_colony_case_insensitive_trim" time="0.210" /><testcase classname="tests.test_phed_review_filters_iter5" name="test_surveys_date_range_inclusive" time="0.074" /><testcase classname="tests.test_phed_review_filters_iter5" name="test_surveys_date_bad_format_returns_400" time="0.072" /><testcase classname="tests.test_phed_review_filters_iter5" name="test_surveys_all_connection_types_no_500" time="0.565" /><testcase classname="tests.test_phed_review_filters_iter5" name="test_surveys_invalid_connection_type_400" time="0.066" /><testcase classname="tests.test_phed_review_filters_iter5" name="test_surveys_combined_filter_pl0001" time="0.071" /><testcase classname="tests.test_phed_review_filters_iter5" name="test_unauth_rejected" time="0.110" /></testsuite></testsuites>