<?xml version="1.0" encoding="utf-8"?><testsuites name="pytest tests"><testsuite name="pytest" errors="0" failures="0" skipped="0" tests="8" time="3.399" timestamp="2026-09-24T09:53:07.423805+00:00" hostname="agent-env-fa0cfdf8-bf79-4870-a7d1-fbacc0393e89"><testcase classname="tests.test_multi_town_access_iter3" name="test_towns_include_ths_and_bhd" time="0.509" /><testcase classname="tests.test_multi_town_access_iter3" name="test_surveyor1_login_returns_both_towns" time="0.349" /><testcase classname="tests.test_multi_town_access_iter3" name="test_surveyor1_can_access_bhd_endpoints" time="0.574" /><testcase classname="tests.test_multi_town_access_iter3" name="test_surveyor2_cannot_access_bhd" time="0.453" /><testcase classname="tests.test_multi_town_access_iter3" name="test_admin_users_in_bhd_lists_surveyor1" time="0.138" /><testcase classname="tests.test_multi_town_access_iter3" name="test_surveyor1_ths_still_works" time="0.461" /><testcase classname="tests.test_multi_town_access_iter3" name="test_update_user_extra_town_ids_persists" time="0.346" /><testcase classname="tests.test_multi_town_access_iter3" name="test_admin_bulk_assign_bhd_colony" time="0.257" /></testsuite></testsuites>