<?xml version="1.0" encoding="utf-8"?><testsuites name="pytest tests"><testsuite name="pytest" errors="0" failures="0" skipped="0" tests="5" time="2.114" timestamp="2026-09-12T08:31:02.353176+00:00" hostname="agent-env-3b4d5863-82fd-4a75-9664-645e9936465e"><testcase classname="tests.test_phed_iter3_post_submit" name="test_my_progress_reconciled" time="0.490" /><testcase classname="tests.test_phed_iter3_post_submit" name="test_map_employee_properties_ths0001_submitted" time="0.115" /><testcase classname="tests.test_phed_iter3_post_submit" name="test_no_duplicate_survey_and_reference" time="0.372" /><testcase classname="tests.test_phed_iter3_post_submit" name="test_admin_surveys_listing_ths0001_unique_and_pl0001" time="0.447" /><testcase classname="tests.test_phed_iter3_post_submit" name="test_auth_guard" time="0.217" /></testsuite></testsuites>