<?xml version="1.0" encoding="utf-8"?><testsuites name="pytest tests"><testsuite name="pytest" errors="0" failures="0" skipped="0" tests="6" time="2.036" timestamp="2026-09-07T15:46:11.765370+00:00" hostname="agent-env-2583b619-7ea5-40ab-bdff-9eb72724a56a"><testcase classname="tests.test_phed_import_history.TestImportHistory" name="test_history_returns_updated_count" time="0.840" /><testcase classname="tests.test_phed_import_history.TestImportSample" name="test_sample_download_ok" time="0.960" /><testcase classname="tests.test_phed_import_history.TestImportHistory" name="test_get_single_import_detail" time="0.284" /><testcase classname="tests.test_phed_import_history.TestImportSample" name="test_sample_requires_auth" time="0.243" /><testcase classname="tests.test_phed_import_history.TestRegression" name="test_property_search_didar" time="0.210" /><testcase classname="tests.test_phed_import_history.TestRegression" name="test_phed_consumer_search_ram" time="0.197" /></testsuite></testsuites>