<?xml version="1.0" encoding="utf-8"?><testsuites name="pytest tests"><testsuite name="pytest" errors="0" failures="0" skipped="0" tests="4" time="16.388" timestamp="2026-09-07T11:16:27.163178+00:00" hostname="agent-env-2583b619-7ea5-40ab-bdff-9eb72724a56a"><testcase classname="tests.test_phed_autolink" name="test_property_search_by_colony_didar" time="0.694" /><testcase classname="tests.test_phed_autolink" name="test_property_search_other_fields_still_work" time="0.536" /><testcase classname="tests.test_phed_autolink" name="test_link_suggestions_shape" time="14.488" /><testcase classname="tests.test_phed_autolink" name="test_link_suggestions_apply_and_persist" time="0.362" /></testsuite></testsuites>