<?xml version="1.0" encoding="utf-8"?><testsuites name="pytest tests"><testsuite name="pytest" errors="0" failures="0" skipped="0" tests="6" time="1.956" timestamp="2026-09-07T11:04:34.254817+00:00" hostname="agent-env-2583b619-7ea5-40ab-bdff-9eb72724a56a"><testcase classname="tests.test_phed_search_suggestions" name="test_consumers_list_populated" time="0.771" /><testcase classname="tests.test_phed_search_suggestions" name="test_consumers_list_search_ram" time="0.293" /><testcase classname="tests.test_phed_search_suggestions" name="test_ranked_search_prefix_ram" time="0.185" /><testcase classname="tests.test_phed_search_suggestions" name="test_ranked_search_exact_consumer_id" time="0.418" /><testcase classname="tests.test_phed_search_suggestions" name="test_admin_properties_didar_nagar" time="0.118" /><testcase classname="tests.test_phed_search_suggestions" name="test_admin_properties_filter_didar_nagar" time="0.116" /></testsuite></testsuites>