<?xml version="1.0" encoding="utf-8"?><testsuites name="pytest tests"><testsuite name="pytest" errors="0" failures="0" skipped="0" tests="3" time="2.090" timestamp="2026-09-12T08:03:32.498677+00:00" hostname="agent-env-3b4d5863-82fd-4a75-9664-645e9936465e"><testcase classname="tests.test_phed_today_dashboard" name="test_today_dashboard_shape" time="1.038" /><testcase classname="tests.test_phed_today_dashboard" name="test_main_dashboard_returns_consumer_fields" time="0.321" /><testcase classname="tests.test_phed_today_dashboard" name="test_today_dashboard_requires_auth" time="0.114" /></testsuite></testsuites>